<?xml version="1.0" encoding="UTF-8"?>
<!-- Generated by org.testng.reporters.JUnitXMLReporter -->
<testsuite hostname="DEIVID" ignored="28" name="Default test" tests="1" failures="0" timestamp="09 jan 2023 13:16:22 GMT" time="9.607" errors="0">
  <testcase name="listResourcesPageOneWithPerPageParameter" time="9.565" classname="com.desafio.dock.DesafioQADockTests"/>
  <testcase name="registerSuccessfulEmailAndPassword" time="0.0" classname="com.desafio.dock.DesafioQADockTests">
    <ignored/>
  </testcase> <!-- registerSuccessfulEmailAndPassword -->
  <testcase name="deleteUser" time="0.0" classname="com.desafio.dock.DesafioQADockTests">
    <ignored/>
  </testcase> <!-- deleteUser -->
  <testcase name="createUser" time="0.0" classname="com.desafio.dock.DesafioQADockTests">
    <ignored/>
  </testcase> <!-- createUser -->
  <testcase name="listUsersPageTwo" time="0.0" classname="com.desafio.dock.DesafioQADockTests">
    <ignored/>
  </testcase> <!-- listUsersPageTwo -->
  <testcase name="updateResource" time="0.0" classname="com.desafio.dock.DesafioQADockTests">
    <ignored/>
  </testcase> <!-- updateResource -->
  <testcase name="loginUserNotFound" time="0.0" classname="com.desafio.dock.DesafioQADockTests">
    <ignored/>
  </testcase> <!-- loginUserNotFound -->
  <testcase name="registerErrorMissingEmailOrUsername" time="0.0" classname="com.desafio.dock.DesafioQADockTests">
    <ignored/>
  </testcase> <!-- registerErrorMissingEmailOrUsername -->
  <testcase name="registerErrorMissingPassword" time="0.0" classname="com.desafio.dock.DesafioQADockTests">
    <ignored/>
  </testcase> <!-- registerErrorMissingPassword -->
  <testcase name="updateUser" time="0.0" classname="com.desafio.dock.DesafioQADockTests">
    <ignored/>
  </testcase> <!-- updateUser -->
  <testcase name="registerErrorEmailEmpty" time="0.0" classname="com.desafio.dock.DesafioQADockTests">
    <ignored/>
  </testcase> <!-- registerErrorEmailEmpty -->
  <testcase name="loginMissingPassword" time="0.0" classname="com.desafio.dock.DesafioQADockTests">
    <ignored/>
  </testcase> <!-- loginMissingPassword -->
  <testcase name="updateUserNotFound" time="0.0" classname="com.desafio.dock.DesafioQADockTests">
    <ignored/>
  </testcase> <!-- updateUserNotFound -->
  <testcase name="loginMissingEmailOrUsername" time="0.0" classname="com.desafio.dock.DesafioQADockTests">
    <ignored/>
  </testcase> <!-- loginMissingEmailOrUsername -->
  <testcase name="registerErrorPasswordEmpty" time="0.0" classname="com.desafio.dock.DesafioQADockTests">
    <ignored/>
  </testcase> <!-- registerErrorPasswordEmpty -->
  <testcase name="logout" time="0.0" classname="com.desafio.dock.DesafioQADockTests">
    <ignored/>
  </testcase> <!-- logout -->
  <testcase name="singleResourceNotFound" time="0.0" classname="com.desafio.dock.DesafioQADockTests">
    <ignored/>
  </testcase> <!-- singleResourceNotFound -->
  <testcase name="registerSuccessfulUsernameEmailPassword" time="0.0" classname="com.desafio.dock.DesafioQADockTests">
    <ignored/>
  </testcase> <!-- registerSuccessfulUsernameEmailPassword -->
  <testcase name="updateUserPatchNotFound" time="0.0" classname="com.desafio.dock.DesafioQADockTests">
    <ignored/>
  </testcase> <!-- updateUserPatchNotFound -->
  <testcase name="listResource" time="0.0" classname="com.desafio.dock.DesafioQADockTests">
    <ignored/>
  </testcase> <!-- listResource -->
  <testcase name="listUsersPageOneWithPerPageParameter" time="0.0" classname="com.desafio.dock.DesafioQADockTests">
    <ignored/>
  </testcase> <!-- listUsersPageOneWithPerPageParameter -->
  <testcase name="updateResourceNotFound" time="0.0" classname="com.desafio.dock.DesafioQADockTests">
    <ignored/>
  </testcase> <!-- updateResourceNotFound -->
  <testcase name="updateUserPatch" time="0.0" classname="com.desafio.dock.DesafioQADockTests">
    <ignored/>
  </testcase> <!-- updateUserPatch -->
  <testcase name="singleResource" time="0.0" classname="com.desafio.dock.DesafioQADockTests">
    <ignored/>
  </testcase> <!-- singleResource -->
  <testcase name="loginSuccessful" time="0.0" classname="com.desafio.dock.DesafioQADockTests">
    <ignored/>
  </testcase> <!-- loginSuccessful -->
  <testcase name="listUsersPageOne" time="0.0" classname="com.desafio.dock.DesafioQADockTests">
    <ignored/>
  </testcase> <!-- listUsersPageOne -->
  <testcase name="singleUserNotFound" time="0.0" classname="com.desafio.dock.DesafioQADockTests">
    <ignored/>
  </testcase> <!-- singleUserNotFound -->
  <testcase name="deleteUserNotFound" time="0.0" classname="com.desafio.dock.DesafioQADockTests">
    <ignored/>
  </testcase> <!-- deleteUserNotFound -->
  <testcase name="singleUser" time="0.0" classname="com.desafio.dock.DesafioQADockTests">
    <ignored/>
  </testcase> <!-- singleUser -->
</testsuite> <!-- Default test -->
