<?xml version="1.0" encoding="UTF-8"?>
<testng-results skipped="0" failed="0" ignored="28" total="29" passed="1">
  <reporter-output>
  </reporter-output>
  <suite name="Default suite" duration-ms="9607" started-at="2023-01-09T13:16:12Z" finished-at="2023-01-09T13:16:21Z">
    <groups>
    </groups>
    <test name="Default test" duration-ms="9607" started-at="2023-01-09T13:16:12Z" finished-at="2023-01-09T13:16:21Z">
      <class name="com.desafio.dock.DesafioQADockTests">
        <test-method status="PASS" signature="listResourcesPageOneWithPerPageParameter()[pri:0, instance:com.desafio.dock.DesafioQADockTests@6f3b5d16]" name="listResourcesPageOneWithPerPageParameter" duration-ms="9565" started-at="2023-01-09T13:16:12Z" finished-at="2023-01-09T13:16:21Z">
          <reporter-output>
          </reporter-output>
        </test-method> <!-- listResourcesPageOneWithPerPageParameter -->
      </class> <!-- com.desafio.dock.DesafioQADockTests -->
    </test> <!-- Default test -->
  </suite> <!-- Default suite -->
</testng-results>
